submitit INFO (2025-03-24 13:37:19,919) - Starting with JobEnvironment(job_id=15502614, hostname=gpu005, local_rank=0(1), node=0(1), global_rank=0(1))
submitit INFO (2025-03-24 13:37:19,919) - Loading pickle: /fs01/home/ewillis/my_stuff/mri_resnet/logs/15502614_submitted.pkl
Net(
  (blocks): ModuleList(
    (0): ResNetBasicStem(
      (conv): Conv3d(1, 64, kernel_size=(3, 7, 7), stride=(1, 2, 2), padding=(1, 3, 3), bias=False)
      (norm): BatchNorm3d(64, eps=1e-05, momentum=0.1, affine=True, track_running_stats=True)
      (activation): ReLU()
      (pool): MaxPool3d(kernel_size=(1, 3, 3), stride=(1, 2, 2), padding=[0, 1, 1], dilation=1, ceil_mode=False)
    )
    (1): ResStage(
      (res_blocks): ModuleList(
        (0): ResBlock(
          (branch1_conv): Conv3d(64, 256, kernel_size=(1, 1, 1), stride=(np.int64(1), np.int64(1), np.int64(1)), bias=False)
          (branch1_norm): BatchNorm3d(256, eps=1e-05, momentum=0.1, affine=True, track_running_stats=True)
          (branch2): BottleneckBlock(
            (conv_a): Conv3d(64, 64, kernel_size=(1, 1, 1), stride=(1, 1, 1), bias=False)
            (norm_a): BatchNorm3d(64, eps=1e-05, momentum=0.1, affine=True, track_running_stats=True)
            (act_a): ReLU()
            (conv_b): Conv3d(64, 64, kernel_size=(1, 3, 3), stride=(1, 1, 1), padding=(0, 1, 1), bias=False)
            (norm_b): BatchNorm3d(64, eps=1e-05, momentum=0.1, affine=True, track_running_stats=True)
            (act_b): ReLU()
            (conv_c): Conv3d(64, 256, kernel_size=(1, 1, 1), stride=(1, 1, 1), bias=False)
            (norm_c): BatchNorm3d(256, eps=1e-05, momentum=0.1, affine=True, track_running_stats=True)
          )
          (activation): ReLU()
        )
        (1-2): 2 x ResBlock(
          (branch2): BottleneckBlock(
            (conv_a): Conv3d(256, 64, kernel_size=(1, 1, 1), stride=(1, 1, 1), bias=False)
            (norm_a): BatchNorm3d(64, eps=1e-05, momentum=0.1, affine=True, track_running_stats=True)
            (act_a): ReLU()
            (conv_b): Conv3d(64, 64, kernel_size=(1, 3, 3), stride=(1, 1, 1), padding=(0, 1, 1), bias=False)
            (norm_b): BatchNorm3d(64, eps=1e-05, momentum=0.1, affine=True, track_running_stats=True)
            (act_b): ReLU()
            (conv_c): Conv3d(64, 256, kernel_size=(1, 1, 1), stride=(1, 1, 1), bias=False)
            (norm_c): BatchNorm3d(256, eps=1e-05, momentum=0.1, affine=True, track_running_stats=True)
          )
          (activation): ReLU()
        )
      )
    )
    (2): ResStage(
      (res_blocks): ModuleList(
        (0): ResBlock(
          (branch1_conv): Conv3d(256, 512, kernel_size=(1, 1, 1), stride=(np.int64(1), np.int64(2), np.int64(2)), bias=False)
          (branch1_norm): BatchNorm3d(512, eps=1e-05, momentum=0.1, affine=True, track_running_stats=True)
          (branch2): BottleneckBlock(
            (conv_a): Conv3d(256, 128, kernel_size=(1, 1, 1), stride=(1, 1, 1), bias=False)
            (norm_a): BatchNorm3d(128, eps=1e-05, momentum=0.1, affine=True, track_running_stats=True)
            (act_a): ReLU()
            (conv_b): Conv3d(128, 128, kernel_size=(1, 3, 3), stride=(1, 2, 2), padding=(0, 1, 1), bias=False)
            (norm_b): BatchNorm3d(128, eps=1e-05, momentum=0.1, affine=True, track_running_stats=True)
            (act_b): ReLU()
            (conv_c): Conv3d(128, 512, kernel_size=(1, 1, 1), stride=(1, 1, 1), bias=False)
            (norm_c): BatchNorm3d(512, eps=1e-05, momentum=0.1, affine=True, track_running_stats=True)
          )
          (activation): ReLU()
        )
        (1-3): 3 x ResBlock(
          (branch2): BottleneckBlock(
            (conv_a): Conv3d(512, 128, kernel_size=(1, 1, 1), stride=(1, 1, 1), bias=False)
            (norm_a): BatchNorm3d(128, eps=1e-05, momentum=0.1, affine=True, track_running_stats=True)
            (act_a): ReLU()
            (conv_b): Conv3d(128, 128, kernel_size=(1, 3, 3), stride=(1, 1, 1), padding=(0, 1, 1), bias=False)
            (norm_b): BatchNorm3d(128, eps=1e-05, momentum=0.1, affine=True, track_running_stats=True)
            (act_b): ReLU()
            (conv_c): Conv3d(128, 512, kernel_size=(1, 1, 1), stride=(1, 1, 1), bias=False)
            (norm_c): BatchNorm3d(512, eps=1e-05, momentum=0.1, affine=True, track_running_stats=True)
          )
          (activation): ReLU()
        )
      )
    )
    (3): ResStage(
      (res_blocks): ModuleList(
        (0): ResBlock(
          (branch1_conv): Conv3d(512, 1024, kernel_size=(1, 1, 1), stride=(np.int64(1), np.int64(2), np.int64(2)), bias=False)
          (branch1_norm): BatchNorm3d(1024, eps=1e-05, momentum=0.1, affine=True, track_running_stats=True)
          (branch2): BottleneckBlock(
            (conv_a): Conv3d(512, 256, kernel_size=(3, 1, 1), stride=(1, 1, 1), padding=(1, 0, 0), bias=False)
            (norm_a): BatchNorm3d(256, eps=1e-05, momentum=0.1, affine=True, track_running_stats=True)
            (act_a): ReLU()
            (conv_b): Conv3d(256, 256, kernel_size=(1, 3, 3), stride=(1, 2, 2), padding=(0, 1, 1), bias=False)
            (norm_b): BatchNorm3d(256, eps=1e-05, momentum=0.1, affine=True, track_running_stats=True)
            (act_b): ReLU()
            (conv_c): Conv3d(256, 1024, kernel_size=(1, 1, 1), stride=(1, 1, 1), bias=False)
            (norm_c): BatchNorm3d(1024, eps=1e-05, momentum=0.1, affine=True, track_running_stats=True)
          )
          (activation): ReLU()
        )
        (1-5): 5 x ResBlock(
          (branch2): BottleneckBlock(
            (conv_a): Conv3d(1024, 256, kernel_size=(3, 1, 1), stride=(1, 1, 1), padding=(1, 0, 0), bias=False)
            (norm_a): BatchNorm3d(256, eps=1e-05, momentum=0.1, affine=True, track_running_stats=True)
            (act_a): ReLU()
            (conv_b): Conv3d(256, 256, kernel_size=(1, 3, 3), stride=(1, 1, 1), padding=(0, 1, 1), bias=False)
            (norm_b): BatchNorm3d(256, eps=1e-05, momentum=0.1, affine=True, track_running_stats=True)
            (act_b): ReLU()
            (conv_c): Conv3d(256, 1024, kernel_size=(1, 1, 1), stride=(1, 1, 1), bias=False)
            (norm_c): BatchNorm3d(1024, eps=1e-05, momentum=0.1, affine=True, track_running_stats=True)
          )
          (activation): ReLU()
        )
      )
    )
    (4): ResStage(
      (res_blocks): ModuleList(
        (0): ResBlock(
          (branch1_conv): Conv3d(1024, 2048, kernel_size=(1, 1, 1), stride=(np.int64(1), np.int64(2), np.int64(2)), bias=False)
          (branch1_norm): BatchNorm3d(2048, eps=1e-05, momentum=0.1, affine=True, track_running_stats=True)
          (branch2): BottleneckBlock(
            (conv_a): Conv3d(1024, 512, kernel_size=(3, 1, 1), stride=(1, 1, 1), padding=(1, 0, 0), bias=False)
            (norm_a): BatchNorm3d(512, eps=1e-05, momentum=0.1, affine=True, track_running_stats=True)
            (act_a): ReLU()
            (conv_b): Conv3d(512, 512, kernel_size=(1, 3, 3), stride=(1, 2, 2), padding=(0, 1, 1), bias=False)
            (norm_b): BatchNorm3d(512, eps=1e-05, momentum=0.1, affine=True, track_running_stats=True)
            (act_b): ReLU()
            (conv_c): Conv3d(512, 2048, kernel_size=(1, 1, 1), stride=(1, 1, 1), bias=False)
            (norm_c): BatchNorm3d(2048, eps=1e-05, momentum=0.1, affine=True, track_running_stats=True)
          )
          (activation): ReLU()
        )
        (1-2): 2 x ResBlock(
          (branch2): BottleneckBlock(
            (conv_a): Conv3d(2048, 512, kernel_size=(3, 1, 1), stride=(1, 1, 1), padding=(1, 0, 0), bias=False)
            (norm_a): BatchNorm3d(512, eps=1e-05, momentum=0.1, affine=True, track_running_stats=True)
            (act_a): ReLU()
            (conv_b): Conv3d(512, 512, kernel_size=(1, 3, 3), stride=(1, 1, 1), padding=(0, 1, 1), bias=False)
            (norm_b): BatchNorm3d(512, eps=1e-05, momentum=0.1, affine=True, track_running_stats=True)
            (act_b): ReLU()
            (conv_c): Conv3d(512, 2048, kernel_size=(1, 1, 1), stride=(1, 1, 1), bias=False)
            (norm_c): BatchNorm3d(2048, eps=1e-05, momentum=0.1, affine=True, track_running_stats=True)
          )
          (activation): ReLU()
        )
      )
    )
    (5): ResNetBasicHead(
      (pool): AvgPool3d(kernel_size=(4, 7, 7), stride=(1, 1, 1), padding=(0, 0, 0))
      (dropout): Dropout(p=0.5, inplace=False)
      (proj): Linear(in_features=2048, out_features=400, bias=True)
      (output_pool): AdaptiveAvgPool3d(output_size=1)
    )
  )
)
/h/ewillis/.conda/envs/resnet/lib/python3.13/site-packages/torchio/data/image.py:248: UserWarning: Using TorchIO images without a torchio.SubjectsLoader in PyTorch >= 2.3 might have unexpected consequences, e.g., the collated batches will be instances of torchio.Subject with 5D images. Replace your PyTorch DataLoader with a torchio.SubjectsLoader so that the collated batch becomes a dictionary, as expected. See https://github.com/TorchIO-project/torchio/issues/1179 for more context about this issue.
  warnings.warn(message, stacklevel=1)
Batch Image Shape: torch.Size([4, 1, 60, 256, 256])
Batch Labels: tensor([0, 0, 0, 0])
/h/ewillis/.conda/envs/resnet/lib/python3.13/site-packages/torchio/data/image.py:248: UserWarning: Using TorchIO images without a torchio.SubjectsLoader in PyTorch >= 2.3 might have unexpected consequences, e.g., the collated batches will be instances of torchio.Subject with 5D images. Replace your PyTorch DataLoader with a torchio.SubjectsLoader so that the collated batch becomes a dictionary, as expected. See https://github.com/TorchIO-project/torchio/issues/1179 for more context about this issue.
  warnings.warn(message, stacklevel=1)
/h/ewillis/.conda/envs/resnet/lib/python3.13/site-packages/torchio/data/image.py:248: UserWarning: Using TorchIO images without a torchio.SubjectsLoader in PyTorch >= 2.3 might have unexpected consequences, e.g., the collated batches will be instances of torchio.Subject with 5D images. Replace your PyTorch DataLoader with a torchio.SubjectsLoader so that the collated batch becomes a dictionary, as expected. See https://github.com/TorchIO-project/torchio/issues/1179 for more context about this issue.
  warnings.warn(message, stacklevel=1)
Epoch 1: New best model saved (val_loss=0.6109)
Epoch 1: Train Loss=0.7675, Val Loss=0.6109

Classification Report:
               precision    recall  f1-score   support

         GG1       0.82      1.00      0.90       127
         GG2       0.00      0.00      0.00         0
         GG3       0.00      0.00      0.00         0
         GG4       0.00      0.00      0.00        17
         GG5       0.00      0.00      0.00        11

    accuracy                           0.82       155
   macro avg       0.16      0.20      0.18       155
weighted avg       0.67      0.82      0.74       155

Confusion Matrix:
 [[127   0   0]
 [ 17   0   0]
 [ 11   0   0]]
/h/ewillis/.conda/envs/resnet/lib/python3.13/site-packages/torchio/data/image.py:248: UserWarning: Using TorchIO images without a torchio.SubjectsLoader in PyTorch >= 2.3 might have unexpected consequences, e.g., the collated batches will be instances of torchio.Subject with 5D images. Replace your PyTorch DataLoader with a torchio.SubjectsLoader so that the collated batch becomes a dictionary, as expected. See https://github.com/TorchIO-project/torchio/issues/1179 for more context about this issue.
  warnings.warn(message, stacklevel=1)
/h/ewillis/.conda/envs/resnet/lib/python3.13/site-packages/torchio/data/image.py:248: UserWarning: Using TorchIO images without a torchio.SubjectsLoader in PyTorch >= 2.3 might have unexpected consequences, e.g., the collated batches will be instances of torchio.Subject with 5D images. Replace your PyTorch DataLoader with a torchio.SubjectsLoader so that the collated batch becomes a dictionary, as expected. See https://github.com/TorchIO-project/torchio/issues/1179 for more context about this issue.
  warnings.warn(message, stacklevel=1)
Epoch 2: Train Loss=0.6003, Val Loss=0.6216

Classification Report:
               precision    recall  f1-score   support

         GG1       0.82      1.00      0.90       127
         GG2       0.00      0.00      0.00         0
         GG3       0.00      0.00      0.00         0
         GG4       0.00      0.00      0.00        17
         GG5       0.00      0.00      0.00        11

    accuracy                           0.82       155
   macro avg       0.16      0.20      0.18       155
weighted avg       0.67      0.82      0.74       155

Confusion Matrix:
 [[127   0   0]
 [ 17   0   0]
 [ 11   0   0]]
/h/ewillis/.conda/envs/resnet/lib/python3.13/site-packages/torchio/data/image.py:248: UserWarning: Using TorchIO images without a torchio.SubjectsLoader in PyTorch >= 2.3 might have unexpected consequences, e.g., the collated batches will be instances of torchio.Subject with 5D images. Replace your PyTorch DataLoader with a torchio.SubjectsLoader so that the collated batch becomes a dictionary, as expected. See https://github.com/TorchIO-project/torchio/issues/1179 for more context about this issue.
  warnings.warn(message, stacklevel=1)
/h/ewillis/.conda/envs/resnet/lib/python3.13/site-packages/torchio/data/image.py:248: UserWarning: Using TorchIO images without a torchio.SubjectsLoader in PyTorch >= 2.3 might have unexpected consequences, e.g., the collated batches will be instances of torchio.Subject with 5D images. Replace your PyTorch DataLoader with a torchio.SubjectsLoader so that the collated batch becomes a dictionary, as expected. See https://github.com/TorchIO-project/torchio/issues/1179 for more context about this issue.
  warnings.warn(message, stacklevel=1)
Epoch 3: Train Loss=0.5654, Val Loss=0.6786

Classification Report:
               precision    recall  f1-score   support

         GG1       0.82      1.00      0.90       127
         GG2       0.00      0.00      0.00         0
         GG3       0.00      0.00      0.00         0
         GG4       0.00      0.00      0.00        17
         GG5       0.00      0.00      0.00        11

    accuracy                           0.82       155
   macro avg       0.16      0.20      0.18       155
weighted avg       0.67      0.82      0.74       155

Confusion Matrix:
 [[127   0   0]
 [ 17   0   0]
 [ 11   0   0]]
/h/ewillis/.conda/envs/resnet/lib/python3.13/site-packages/torchio/data/image.py:248: UserWarning: Using TorchIO images without a torchio.SubjectsLoader in PyTorch >= 2.3 might have unexpected consequences, e.g., the collated batches will be instances of torchio.Subject with 5D images. Replace your PyTorch DataLoader with a torchio.SubjectsLoader so that the collated batch becomes a dictionary, as expected. See https://github.com/TorchIO-project/torchio/issues/1179 for more context about this issue.
  warnings.warn(message, stacklevel=1)
/h/ewillis/.conda/envs/resnet/lib/python3.13/site-packages/torchio/data/image.py:248: UserWarning: Using TorchIO images without a torchio.SubjectsLoader in PyTorch >= 2.3 might have unexpected consequences, e.g., the collated batches will be instances of torchio.Subject with 5D images. Replace your PyTorch DataLoader with a torchio.SubjectsLoader so that the collated batch becomes a dictionary, as expected. See https://github.com/TorchIO-project/torchio/issues/1179 for more context about this issue.
  warnings.warn(message, stacklevel=1)
Epoch 4: Train Loss=0.6030, Val Loss=0.8625

Classification Report:
               precision    recall  f1-score   support

         GG1       0.82      1.00      0.90       127
         GG2       0.00      0.00      0.00         0
         GG3       0.00      0.00      0.00         0
         GG4       0.00      0.00      0.00        17
         GG5       0.00      0.00      0.00        11

    accuracy                           0.82       155
   macro avg       0.16      0.20      0.18       155
weighted avg       0.67      0.82      0.74       155

Confusion Matrix:
 [[127   0   0]
 [ 17   0   0]
 [ 11   0   0]]
/h/ewillis/.conda/envs/resnet/lib/python3.13/site-packages/torchio/data/image.py:248: UserWarning: Using TorchIO images without a torchio.SubjectsLoader in PyTorch >= 2.3 might have unexpected consequences, e.g., the collated batches will be instances of torchio.Subject with 5D images. Replace your PyTorch DataLoader with a torchio.SubjectsLoader so that the collated batch becomes a dictionary, as expected. See https://github.com/TorchIO-project/torchio/issues/1179 for more context about this issue.
  warnings.warn(message, stacklevel=1)
/h/ewillis/.conda/envs/resnet/lib/python3.13/site-packages/torchio/data/image.py:248: UserWarning: Using TorchIO images without a torchio.SubjectsLoader in PyTorch >= 2.3 might have unexpected consequences, e.g., the collated batches will be instances of torchio.Subject with 5D images. Replace your PyTorch DataLoader with a torchio.SubjectsLoader so that the collated batch becomes a dictionary, as expected. See https://github.com/TorchIO-project/torchio/issues/1179 for more context about this issue.
  warnings.warn(message, stacklevel=1)
Epoch 5: Train Loss=0.5679, Val Loss=0.6886

Classification Report:
               precision    recall  f1-score   support

         GG1       0.82      1.00      0.90       127
         GG2       0.00      0.00      0.00         0
         GG3       0.00      0.00      0.00         0
         GG4       0.00      0.00      0.00        17
         GG5       0.00      0.00      0.00        11

    accuracy                           0.82       155
   macro avg       0.16      0.20      0.18       155
weighted avg       0.67      0.82      0.74       155

Confusion Matrix:
 [[127   0   0]
 [ 17   0   0]
 [ 11   0   0]]
/h/ewillis/.conda/envs/resnet/lib/python3.13/site-packages/torchio/data/image.py:248: UserWarning: Using TorchIO images without a torchio.SubjectsLoader in PyTorch >= 2.3 might have unexpected consequences, e.g., the collated batches will be instances of torchio.Subject with 5D images. Replace your PyTorch DataLoader with a torchio.SubjectsLoader so that the collated batch becomes a dictionary, as expected. See https://github.com/TorchIO-project/torchio/issues/1179 for more context about this issue.
  warnings.warn(message, stacklevel=1)
/h/ewillis/.conda/envs/resnet/lib/python3.13/site-packages/torchio/data/image.py:248: UserWarning: Using TorchIO images without a torchio.SubjectsLoader in PyTorch >= 2.3 might have unexpected consequences, e.g., the collated batches will be instances of torchio.Subject with 5D images. Replace your PyTorch DataLoader with a torchio.SubjectsLoader so that the collated batch becomes a dictionary, as expected. See https://github.com/TorchIO-project/torchio/issues/1179 for more context about this issue.
  warnings.warn(message, stacklevel=1)
Epoch 6: Train Loss=0.5910, Val Loss=0.7207

Classification Report:
               precision    recall  f1-score   support

         GG1       0.82      1.00      0.90       127
         GG2       0.00      0.00      0.00         0
         GG3       0.00      0.00      0.00         0
         GG4       0.00      0.00      0.00        17
         GG5       0.00      0.00      0.00        11

    accuracy                           0.82       155
   macro avg       0.16      0.20      0.18       155
weighted avg       0.67      0.82      0.74       155

Confusion Matrix:
 [[127   0   0]
 [ 17   0   0]
 [ 11   0   0]]
/h/ewillis/.conda/envs/resnet/lib/python3.13/site-packages/torchio/data/image.py:248: UserWarning: Using TorchIO images without a torchio.SubjectsLoader in PyTorch >= 2.3 might have unexpected consequences, e.g., the collated batches will be instances of torchio.Subject with 5D images. Replace your PyTorch DataLoader with a torchio.SubjectsLoader so that the collated batch becomes a dictionary, as expected. See https://github.com/TorchIO-project/torchio/issues/1179 for more context about this issue.
  warnings.warn(message, stacklevel=1)
/h/ewillis/.conda/envs/resnet/lib/python3.13/site-packages/torchio/data/image.py:248: UserWarning: Using TorchIO images without a torchio.SubjectsLoader in PyTorch >= 2.3 might have unexpected consequences, e.g., the collated batches will be instances of torchio.Subject with 5D images. Replace your PyTorch DataLoader with a torchio.SubjectsLoader so that the collated batch becomes a dictionary, as expected. See https://github.com/TorchIO-project/torchio/issues/1179 for more context about this issue.
  warnings.warn(message, stacklevel=1)
Epoch 7: Train Loss=0.5614, Val Loss=0.6210

Classification Report:
               precision    recall  f1-score   support

         GG1       0.82      1.00      0.90       127
         GG2       0.00      0.00      0.00         0
         GG3       0.00      0.00      0.00         0
         GG4       0.00      0.00      0.00        17
         GG5       0.00      0.00      0.00        11

    accuracy                           0.82       155
   macro avg       0.16      0.20      0.18       155
weighted avg       0.67      0.82      0.74       155

Confusion Matrix:
 [[127   0   0]
 [ 17   0   0]
 [ 11   0   0]]
/h/ewillis/.conda/envs/resnet/lib/python3.13/site-packages/torchio/data/image.py:248: UserWarning: Using TorchIO images without a torchio.SubjectsLoader in PyTorch >= 2.3 might have unexpected consequences, e.g., the collated batches will be instances of torchio.Subject with 5D images. Replace your PyTorch DataLoader with a torchio.SubjectsLoader so that the collated batch becomes a dictionary, as expected. See https://github.com/TorchIO-project/torchio/issues/1179 for more context about this issue.
  warnings.warn(message, stacklevel=1)
/h/ewillis/.conda/envs/resnet/lib/python3.13/site-packages/torchio/data/image.py:248: UserWarning: Using TorchIO images without a torchio.SubjectsLoader in PyTorch >= 2.3 might have unexpected consequences, e.g., the collated batches will be instances of torchio.Subject with 5D images. Replace your PyTorch DataLoader with a torchio.SubjectsLoader so that the collated batch becomes a dictionary, as expected. See https://github.com/TorchIO-project/torchio/issues/1179 for more context about this issue.
  warnings.warn(message, stacklevel=1)
Epoch 8: Train Loss=0.5641, Val Loss=0.6483

Classification Report:
               precision    recall  f1-score   support

         GG1       0.82      1.00      0.90       127
         GG2       0.00      0.00      0.00         0
         GG3       0.00      0.00      0.00         0
         GG4       0.00      0.00      0.00        17
         GG5       0.00      0.00      0.00        11

    accuracy                           0.82       155
   macro avg       0.16      0.20      0.18       155
weighted avg       0.67      0.82      0.74       155

Confusion Matrix:
 [[127   0   0]
 [ 17   0   0]
 [ 11   0   0]]
/h/ewillis/.conda/envs/resnet/lib/python3.13/site-packages/torchio/data/image.py:248: UserWarning: Using TorchIO images without a torchio.SubjectsLoader in PyTorch >= 2.3 might have unexpected consequences, e.g., the collated batches will be instances of torchio.Subject with 5D images. Replace your PyTorch DataLoader with a torchio.SubjectsLoader so that the collated batch becomes a dictionary, as expected. See https://github.com/TorchIO-project/torchio/issues/1179 for more context about this issue.
  warnings.warn(message, stacklevel=1)
/h/ewillis/.conda/envs/resnet/lib/python3.13/site-packages/torchio/data/image.py:248: UserWarning: Using TorchIO images without a torchio.SubjectsLoader in PyTorch >= 2.3 might have unexpected consequences, e.g., the collated batches will be instances of torchio.Subject with 5D images. Replace your PyTorch DataLoader with a torchio.SubjectsLoader so that the collated batch becomes a dictionary, as expected. See https://github.com/TorchIO-project/torchio/issues/1179 for more context about this issue.
  warnings.warn(message, stacklevel=1)
Epoch 9: New best model saved (val_loss=0.5822)
Epoch 9: Train Loss=0.5866, Val Loss=0.5822

Classification Report:
               precision    recall  f1-score   support

         GG1       0.82      1.00      0.90       127
         GG2       0.00      0.00      0.00         0
         GG3       0.00      0.00      0.00         0
         GG4       0.00      0.00      0.00        17
         GG5       0.00      0.00      0.00        11

    accuracy                           0.82       155
   macro avg       0.16      0.20      0.18       155
weighted avg       0.67      0.82      0.74       155

Confusion Matrix:
 [[127   0   0]
 [ 17   0   0]
 [ 11   0   0]]
/h/ewillis/.conda/envs/resnet/lib/python3.13/site-packages/torchio/data/image.py:248: UserWarning: Using TorchIO images without a torchio.SubjectsLoader in PyTorch >= 2.3 might have unexpected consequences, e.g., the collated batches will be instances of torchio.Subject with 5D images. Replace your PyTorch DataLoader with a torchio.SubjectsLoader so that the collated batch becomes a dictionary, as expected. See https://github.com/TorchIO-project/torchio/issues/1179 for more context about this issue.
  warnings.warn(message, stacklevel=1)
/h/ewillis/.conda/envs/resnet/lib/python3.13/site-packages/torchio/data/image.py:248: UserWarning: Using TorchIO images without a torchio.SubjectsLoader in PyTorch >= 2.3 might have unexpected consequences, e.g., the collated batches will be instances of torchio.Subject with 5D images. Replace your PyTorch DataLoader with a torchio.SubjectsLoader so that the collated batch becomes a dictionary, as expected. See https://github.com/TorchIO-project/torchio/issues/1179 for more context about this issue.
  warnings.warn(message, stacklevel=1)
Epoch 10: Train Loss=0.5671, Val Loss=0.6136

Classification Report:
               precision    recall  f1-score   support

         GG1       0.82      1.00      0.90       127
         GG2       0.00      0.00      0.00         0
         GG3       0.00      0.00      0.00         0
         GG4       0.00      0.00      0.00        17
         GG5       0.00      0.00      0.00        11

    accuracy                           0.82       155
   macro avg       0.16      0.20      0.18       155
weighted avg       0.67      0.82      0.74       155

Confusion Matrix:
 [[127   0   0]
 [ 17   0   0]
 [ 11   0   0]]
/h/ewillis/.conda/envs/resnet/lib/python3.13/site-packages/torchio/data/image.py:248: UserWarning: Using TorchIO images without a torchio.SubjectsLoader in PyTorch >= 2.3 might have unexpected consequences, e.g., the collated batches will be instances of torchio.Subject with 5D images. Replace your PyTorch DataLoader with a torchio.SubjectsLoader so that the collated batch becomes a dictionary, as expected. See https://github.com/TorchIO-project/torchio/issues/1179 for more context about this issue.
  warnings.warn(message, stacklevel=1)
/h/ewillis/.conda/envs/resnet/lib/python3.13/site-packages/torchio/data/image.py:248: UserWarning: Using TorchIO images without a torchio.SubjectsLoader in PyTorch >= 2.3 might have unexpected consequences, e.g., the collated batches will be instances of torchio.Subject with 5D images. Replace your PyTorch DataLoader with a torchio.SubjectsLoader so that the collated batch becomes a dictionary, as expected. See https://github.com/TorchIO-project/torchio/issues/1179 for more context about this issue.
  warnings.warn(message, stacklevel=1)
Epoch 11: Train Loss=0.5690, Val Loss=0.6139

Classification Report:
               precision    recall  f1-score   support

         GG1       0.82      1.00      0.90       127
         GG2       0.00      0.00      0.00         0
         GG3       0.00      0.00      0.00         0
         GG4       0.00      0.00      0.00        17
         GG5       0.00      0.00      0.00        11

    accuracy                           0.82       155
   macro avg       0.16      0.20      0.18       155
weighted avg       0.67      0.82      0.74       155

Confusion Matrix:
 [[127   0   0]
 [ 17   0   0]
 [ 11   0   0]]
/h/ewillis/.conda/envs/resnet/lib/python3.13/site-packages/torchio/data/image.py:248: UserWarning: Using TorchIO images without a torchio.SubjectsLoader in PyTorch >= 2.3 might have unexpected consequences, e.g., the collated batches will be instances of torchio.Subject with 5D images. Replace your PyTorch DataLoader with a torchio.SubjectsLoader so that the collated batch becomes a dictionary, as expected. See https://github.com/TorchIO-project/torchio/issues/1179 for more context about this issue.
  warnings.warn(message, stacklevel=1)
/h/ewillis/.conda/envs/resnet/lib/python3.13/site-packages/torchio/data/image.py:248: UserWarning: Using TorchIO images without a torchio.SubjectsLoader in PyTorch >= 2.3 might have unexpected consequences, e.g., the collated batches will be instances of torchio.Subject with 5D images. Replace your PyTorch DataLoader with a torchio.SubjectsLoader so that the collated batch becomes a dictionary, as expected. See https://github.com/TorchIO-project/torchio/issues/1179 for more context about this issue.
  warnings.warn(message, stacklevel=1)
Epoch 12: Train Loss=0.5549, Val Loss=0.6338

Classification Report:
               precision    recall  f1-score   support

         GG1       0.82      1.00      0.90       127
         GG2       0.00      0.00      0.00         0
         GG3       0.00      0.00      0.00         0
         GG4       0.00      0.00      0.00        17
         GG5       0.00      0.00      0.00        11

    accuracy                           0.82       155
   macro avg       0.16      0.20      0.18       155
weighted avg       0.67      0.82      0.74       155

Confusion Matrix:
 [[127   0   0]
 [ 17   0   0]
 [ 11   0   0]]
/h/ewillis/.conda/envs/resnet/lib/python3.13/site-packages/torchio/data/image.py:248: UserWarning: Using TorchIO images without a torchio.SubjectsLoader in PyTorch >= 2.3 might have unexpected consequences, e.g., the collated batches will be instances of torchio.Subject with 5D images. Replace your PyTorch DataLoader with a torchio.SubjectsLoader so that the collated batch becomes a dictionary, as expected. See https://github.com/TorchIO-project/torchio/issues/1179 for more context about this issue.
  warnings.warn(message, stacklevel=1)
/h/ewillis/.conda/envs/resnet/lib/python3.13/site-packages/torchio/data/image.py:248: UserWarning: Using TorchIO images without a torchio.SubjectsLoader in PyTorch >= 2.3 might have unexpected consequences, e.g., the collated batches will be instances of torchio.Subject with 5D images. Replace your PyTorch DataLoader with a torchio.SubjectsLoader so that the collated batch becomes a dictionary, as expected. See https://github.com/TorchIO-project/torchio/issues/1179 for more context about this issue.
  warnings.warn(message, stacklevel=1)
Epoch 13: Train Loss=0.5681, Val Loss=0.6412

Classification Report:
               precision    recall  f1-score   support

         GG1       0.82      1.00      0.90       127
         GG2       0.00      0.00      0.00         0
         GG3       0.00      0.00      0.00         0
         GG4       0.00      0.00      0.00        17
         GG5       0.00      0.00      0.00        11

    accuracy                           0.82       155
   macro avg       0.16      0.20      0.18       155
weighted avg       0.67      0.82      0.74       155

Confusion Matrix:
 [[127   0   0]
 [ 17   0   0]
 [ 11   0   0]]
/h/ewillis/.conda/envs/resnet/lib/python3.13/site-packages/torchio/data/image.py:248: UserWarning: Using TorchIO images without a torchio.SubjectsLoader in PyTorch >= 2.3 might have unexpected consequences, e.g., the collated batches will be instances of torchio.Subject with 5D images. Replace your PyTorch DataLoader with a torchio.SubjectsLoader so that the collated batch becomes a dictionary, as expected. See https://github.com/TorchIO-project/torchio/issues/1179 for more context about this issue.
  warnings.warn(message, stacklevel=1)
/h/ewillis/.conda/envs/resnet/lib/python3.13/site-packages/torchio/data/image.py:248: UserWarning: Using TorchIO images without a torchio.SubjectsLoader in PyTorch >= 2.3 might have unexpected consequences, e.g., the collated batches will be instances of torchio.Subject with 5D images. Replace your PyTorch DataLoader with a torchio.SubjectsLoader so that the collated batch becomes a dictionary, as expected. See https://github.com/TorchIO-project/torchio/issues/1179 for more context about this issue.
  warnings.warn(message, stacklevel=1)
Epoch 14: Train Loss=0.5631, Val Loss=0.6767

Classification Report:
               precision    recall  f1-score   support

         GG1       0.82      1.00      0.90       127
         GG2       0.00      0.00      0.00         0
         GG3       0.00      0.00      0.00         0
         GG4       0.00      0.00      0.00        17
         GG5       0.00      0.00      0.00        11

    accuracy                           0.82       155
   macro avg       0.16      0.20      0.18       155
weighted avg       0.67      0.82      0.74       155

Confusion Matrix:
 [[127   0   0]
 [ 17   0   0]
 [ 11   0   0]]
/h/ewillis/.conda/envs/resnet/lib/python3.13/site-packages/torchio/data/image.py:248: UserWarning: Using TorchIO images without a torchio.SubjectsLoader in PyTorch >= 2.3 might have unexpected consequences, e.g., the collated batches will be instances of torchio.Subject with 5D images. Replace your PyTorch DataLoader with a torchio.SubjectsLoader so that the collated batch becomes a dictionary, as expected. See https://github.com/TorchIO-project/torchio/issues/1179 for more context about this issue.
  warnings.warn(message, stacklevel=1)
/h/ewillis/.conda/envs/resnet/lib/python3.13/site-packages/torchio/data/image.py:248: UserWarning: Using TorchIO images without a torchio.SubjectsLoader in PyTorch >= 2.3 might have unexpected consequences, e.g., the collated batches will be instances of torchio.Subject with 5D images. Replace your PyTorch DataLoader with a torchio.SubjectsLoader so that the collated batch becomes a dictionary, as expected. See https://github.com/TorchIO-project/torchio/issues/1179 for more context about this issue.
  warnings.warn(message, stacklevel=1)
Epoch 15: Train Loss=0.5438, Val Loss=0.6316

Classification Report:
               precision    recall  f1-score   support

         GG1       0.82      1.00      0.90       127
         GG2       0.00      0.00      0.00         0
         GG3       0.00      0.00      0.00         0
         GG4       0.00      0.00      0.00        17
         GG5       0.00      0.00      0.00        11

    accuracy                           0.82       155
   macro avg       0.16      0.20      0.18       155
weighted avg       0.67      0.82      0.74       155

Confusion Matrix:
 [[127   0   0]
 [ 17   0   0]
 [ 11   0   0]]
/h/ewillis/.conda/envs/resnet/lib/python3.13/site-packages/torchio/data/image.py:248: UserWarning: Using TorchIO images without a torchio.SubjectsLoader in PyTorch >= 2.3 might have unexpected consequences, e.g., the collated batches will be instances of torchio.Subject with 5D images. Replace your PyTorch DataLoader with a torchio.SubjectsLoader so that the collated batch becomes a dictionary, as expected. See https://github.com/TorchIO-project/torchio/issues/1179 for more context about this issue.
  warnings.warn(message, stacklevel=1)
/h/ewillis/.conda/envs/resnet/lib/python3.13/site-packages/torchio/data/image.py:248: UserWarning: Using TorchIO images without a torchio.SubjectsLoader in PyTorch >= 2.3 might have unexpected consequences, e.g., the collated batches will be instances of torchio.Subject with 5D images. Replace your PyTorch DataLoader with a torchio.SubjectsLoader so that the collated batch becomes a dictionary, as expected. See https://github.com/TorchIO-project/torchio/issues/1179 for more context about this issue.
  warnings.warn(message, stacklevel=1)
Epoch 16: Train Loss=0.5469, Val Loss=0.6317

Classification Report:
               precision    recall  f1-score   support

         GG1       0.82      1.00      0.90       127
         GG2       0.00      0.00      0.00         0
         GG3       0.00      0.00      0.00         0
         GG4       0.00      0.00      0.00        17
         GG5       0.00      0.00      0.00        11

    accuracy                           0.82       155
   macro avg       0.16      0.20      0.18       155
weighted avg       0.67      0.82      0.74       155

Confusion Matrix:
 [[127   0   0]
 [ 17   0   0]
 [ 11   0   0]]
/h/ewillis/.conda/envs/resnet/lib/python3.13/site-packages/torchio/data/image.py:248: UserWarning: Using TorchIO images without a torchio.SubjectsLoader in PyTorch >= 2.3 might have unexpected consequences, e.g., the collated batches will be instances of torchio.Subject with 5D images. Replace your PyTorch DataLoader with a torchio.SubjectsLoader so that the collated batch becomes a dictionary, as expected. See https://github.com/TorchIO-project/torchio/issues/1179 for more context about this issue.
  warnings.warn(message, stacklevel=1)
/h/ewillis/.conda/envs/resnet/lib/python3.13/site-packages/torchio/data/image.py:248: UserWarning: Using TorchIO images without a torchio.SubjectsLoader in PyTorch >= 2.3 might have unexpected consequences, e.g., the collated batches will be instances of torchio.Subject with 5D images. Replace your PyTorch DataLoader with a torchio.SubjectsLoader so that the collated batch becomes a dictionary, as expected. See https://github.com/TorchIO-project/torchio/issues/1179 for more context about this issue.
  warnings.warn(message, stacklevel=1)
Epoch 17: Train Loss=0.5563, Val Loss=0.6461

Classification Report:
               precision    recall  f1-score   support

         GG1       0.82      1.00      0.90       127
         GG2       0.00      0.00      0.00         0
         GG3       0.00      0.00      0.00         0
         GG4       0.00      0.00      0.00        17
         GG5       0.00      0.00      0.00        11

    accuracy                           0.82       155
   macro avg       0.16      0.20      0.18       155
weighted avg       0.67      0.82      0.74       155

Confusion Matrix:
 [[127   0   0]
 [ 17   0   0]
 [ 11   0   0]]
/h/ewillis/.conda/envs/resnet/lib/python3.13/site-packages/torchio/data/image.py:248: UserWarning: Using TorchIO images without a torchio.SubjectsLoader in PyTorch >= 2.3 might have unexpected consequences, e.g., the collated batches will be instances of torchio.Subject with 5D images. Replace your PyTorch DataLoader with a torchio.SubjectsLoader so that the collated batch becomes a dictionary, as expected. See https://github.com/TorchIO-project/torchio/issues/1179 for more context about this issue.
  warnings.warn(message, stacklevel=1)
/h/ewillis/.conda/envs/resnet/lib/python3.13/site-packages/torchio/data/image.py:248: UserWarning: Using TorchIO images without a torchio.SubjectsLoader in PyTorch >= 2.3 might have unexpected consequences, e.g., the collated batches will be instances of torchio.Subject with 5D images. Replace your PyTorch DataLoader with a torchio.SubjectsLoader so that the collated batch becomes a dictionary, as expected. See https://github.com/TorchIO-project/torchio/issues/1179 for more context about this issue.
  warnings.warn(message, stacklevel=1)
Epoch 18: Train Loss=0.5549, Val Loss=0.6525

Classification Report:
               precision    recall  f1-score   support

         GG1       0.82      1.00      0.90       127
         GG2       0.00      0.00      0.00         0
         GG3       0.00      0.00      0.00         0
         GG4       0.00      0.00      0.00        17
         GG5       0.00      0.00      0.00        11

    accuracy                           0.82       155
   macro avg       0.16      0.20      0.18       155
weighted avg       0.67      0.82      0.74       155

Confusion Matrix:
 [[127   0   0]
 [ 17   0   0]
 [ 11   0   0]]
/h/ewillis/.conda/envs/resnet/lib/python3.13/site-packages/torchio/data/image.py:248: UserWarning: Using TorchIO images without a torchio.SubjectsLoader in PyTorch >= 2.3 might have unexpected consequences, e.g., the collated batches will be instances of torchio.Subject with 5D images. Replace your PyTorch DataLoader with a torchio.SubjectsLoader so that the collated batch becomes a dictionary, as expected. See https://github.com/TorchIO-project/torchio/issues/1179 for more context about this issue.
  warnings.warn(message, stacklevel=1)
/h/ewillis/.conda/envs/resnet/lib/python3.13/site-packages/torchio/data/image.py:248: UserWarning: Using TorchIO images without a torchio.SubjectsLoader in PyTorch >= 2.3 might have unexpected consequences, e.g., the collated batches will be instances of torchio.Subject with 5D images. Replace your PyTorch DataLoader with a torchio.SubjectsLoader so that the collated batch becomes a dictionary, as expected. See https://github.com/TorchIO-project/torchio/issues/1179 for more context about this issue.
  warnings.warn(message, stacklevel=1)
Epoch 19: Train Loss=0.5561, Val Loss=0.6287

Classification Report:
               precision    recall  f1-score   support

         GG1       0.82      1.00      0.90       127
         GG2       0.00      0.00      0.00         0
         GG3       0.00      0.00      0.00         0
         GG4       0.00      0.00      0.00        17
         GG5       0.00      0.00      0.00        11

    accuracy                           0.82       155
   macro avg       0.16      0.20      0.18       155
weighted avg       0.67      0.82      0.74       155

Confusion Matrix:
 [[127   0   0]
 [ 17   0   0]
 [ 11   0   0]]
/h/ewillis/.conda/envs/resnet/lib/python3.13/site-packages/torchio/data/image.py:248: UserWarning: Using TorchIO images without a torchio.SubjectsLoader in PyTorch >= 2.3 might have unexpected consequences, e.g., the collated batches will be instances of torchio.Subject with 5D images. Replace your PyTorch DataLoader with a torchio.SubjectsLoader so that the collated batch becomes a dictionary, as expected. See https://github.com/TorchIO-project/torchio/issues/1179 for more context about this issue.
  warnings.warn(message, stacklevel=1)
/h/ewillis/.conda/envs/resnet/lib/python3.13/site-packages/torchio/data/image.py:248: UserWarning: Using TorchIO images without a torchio.SubjectsLoader in PyTorch >= 2.3 might have unexpected consequences, e.g., the collated batches will be instances of torchio.Subject with 5D images. Replace your PyTorch DataLoader with a torchio.SubjectsLoader so that the collated batch becomes a dictionary, as expected. See https://github.com/TorchIO-project/torchio/issues/1179 for more context about this issue.
  warnings.warn(message, stacklevel=1)
Epoch 20: Train Loss=0.5435, Val Loss=0.6778

Classification Report:
               precision    recall  f1-score   support

         GG1       0.82      1.00      0.90       127
         GG2       0.00      0.00      0.00         0
         GG3       0.00      0.00      0.00         0
         GG4       0.00      0.00      0.00        17
         GG5       0.00      0.00      0.00        11

    accuracy                           0.82       155
   macro avg       0.16      0.20      0.18       155
weighted avg       0.67      0.82      0.74       155

Confusion Matrix:
 [[127   0   0]
 [ 17   0   0]
 [ 11   0   0]]
/h/ewillis/.conda/envs/resnet/lib/python3.13/site-packages/torchio/data/image.py:248: UserWarning: Using TorchIO images without a torchio.SubjectsLoader in PyTorch >= 2.3 might have unexpected consequences, e.g., the collated batches will be instances of torchio.Subject with 5D images. Replace your PyTorch DataLoader with a torchio.SubjectsLoader so that the collated batch becomes a dictionary, as expected. See https://github.com/TorchIO-project/torchio/issues/1179 for more context about this issue.
  warnings.warn(message, stacklevel=1)
/h/ewillis/.conda/envs/resnet/lib/python3.13/site-packages/torchio/data/image.py:248: UserWarning: Using TorchIO images without a torchio.SubjectsLoader in PyTorch >= 2.3 might have unexpected consequences, e.g., the collated batches will be instances of torchio.Subject with 5D images. Replace your PyTorch DataLoader with a torchio.SubjectsLoader so that the collated batch becomes a dictionary, as expected. See https://github.com/TorchIO-project/torchio/issues/1179 for more context about this issue.
  warnings.warn(message, stacklevel=1)
Epoch 21: Train Loss=0.5377, Val Loss=0.6366

Classification Report:
               precision    recall  f1-score   support

         GG1       0.82      1.00      0.90       127
         GG2       0.00      0.00      0.00         0
         GG3       0.00      0.00      0.00         0
         GG4       0.00      0.00      0.00        17
         GG5       0.00      0.00      0.00        11

    accuracy                           0.82       155
   macro avg       0.16      0.20      0.18       155
weighted avg       0.67      0.82      0.74       155

Confusion Matrix:
 [[127   0   0]
 [ 17   0   0]
 [ 11   0   0]]
/h/ewillis/.conda/envs/resnet/lib/python3.13/site-packages/torchio/data/image.py:248: UserWarning: Using TorchIO images without a torchio.SubjectsLoader in PyTorch >= 2.3 might have unexpected consequences, e.g., the collated batches will be instances of torchio.Subject with 5D images. Replace your PyTorch DataLoader with a torchio.SubjectsLoader so that the collated batch becomes a dictionary, as expected. See https://github.com/TorchIO-project/torchio/issues/1179 for more context about this issue.
  warnings.warn(message, stacklevel=1)
/h/ewillis/.conda/envs/resnet/lib/python3.13/site-packages/torchio/data/image.py:248: UserWarning: Using TorchIO images without a torchio.SubjectsLoader in PyTorch >= 2.3 might have unexpected consequences, e.g., the collated batches will be instances of torchio.Subject with 5D images. Replace your PyTorch DataLoader with a torchio.SubjectsLoader so that the collated batch becomes a dictionary, as expected. See https://github.com/TorchIO-project/torchio/issues/1179 for more context about this issue.
  warnings.warn(message, stacklevel=1)
Epoch 22: Train Loss=0.5560, Val Loss=0.6254

Classification Report:
               precision    recall  f1-score   support

         GG1       0.82      1.00      0.90       127
         GG2       0.00      0.00      0.00         0
         GG3       0.00      0.00      0.00         0
         GG4       0.00      0.00      0.00        17
         GG5       0.00      0.00      0.00        11

    accuracy                           0.82       155
   macro avg       0.16      0.20      0.18       155
weighted avg       0.67      0.82      0.74       155

Confusion Matrix:
 [[127   0   0]
 [ 17   0   0]
 [ 11   0   0]]
/h/ewillis/.conda/envs/resnet/lib/python3.13/site-packages/torchio/data/image.py:248: UserWarning: Using TorchIO images without a torchio.SubjectsLoader in PyTorch >= 2.3 might have unexpected consequences, e.g., the collated batches will be instances of torchio.Subject with 5D images. Replace your PyTorch DataLoader with a torchio.SubjectsLoader so that the collated batch becomes a dictionary, as expected. See https://github.com/TorchIO-project/torchio/issues/1179 for more context about this issue.
  warnings.warn(message, stacklevel=1)
/h/ewillis/.conda/envs/resnet/lib/python3.13/site-packages/torchio/data/image.py:248: UserWarning: Using TorchIO images without a torchio.SubjectsLoader in PyTorch >= 2.3 might have unexpected consequences, e.g., the collated batches will be instances of torchio.Subject with 5D images. Replace your PyTorch DataLoader with a torchio.SubjectsLoader so that the collated batch becomes a dictionary, as expected. See https://github.com/TorchIO-project/torchio/issues/1179 for more context about this issue.
  warnings.warn(message, stacklevel=1)
Epoch 23: Train Loss=0.5527, Val Loss=0.6645

Classification Report:
               precision    recall  f1-score   support

         GG1       0.82      1.00      0.90       127
         GG2       0.00      0.00      0.00         0
         GG3       0.00      0.00      0.00         0
         GG4       0.00      0.00      0.00        17
         GG5       0.00      0.00      0.00        11

    accuracy                           0.82       155
   macro avg       0.16      0.20      0.18       155
weighted avg       0.67      0.82      0.74       155

Confusion Matrix:
 [[127   0   0]
 [ 17   0   0]
 [ 11   0   0]]
/h/ewillis/.conda/envs/resnet/lib/python3.13/site-packages/torchio/data/image.py:248: UserWarning: Using TorchIO images without a torchio.SubjectsLoader in PyTorch >= 2.3 might have unexpected consequences, e.g., the collated batches will be instances of torchio.Subject with 5D images. Replace your PyTorch DataLoader with a torchio.SubjectsLoader so that the collated batch becomes a dictionary, as expected. See https://github.com/TorchIO-project/torchio/issues/1179 for more context about this issue.
  warnings.warn(message, stacklevel=1)
/h/ewillis/.conda/envs/resnet/lib/python3.13/site-packages/torchio/data/image.py:248: UserWarning: Using TorchIO images without a torchio.SubjectsLoader in PyTorch >= 2.3 might have unexpected consequences, e.g., the collated batches will be instances of torchio.Subject with 5D images. Replace your PyTorch DataLoader with a torchio.SubjectsLoader so that the collated batch becomes a dictionary, as expected. See https://github.com/TorchIO-project/torchio/issues/1179 for more context about this issue.
  warnings.warn(message, stacklevel=1)
Epoch 24: Train Loss=0.5357, Val Loss=0.6142

Classification Report:
               precision    recall  f1-score   support

         GG1       0.82      1.00      0.90       127
         GG2       0.00      0.00      0.00         0
         GG3       0.00      0.00      0.00         0
         GG4       0.00      0.00      0.00        17
         GG5       0.00      0.00      0.00        11

    accuracy                           0.82       155
   macro avg       0.16      0.20      0.18       155
weighted avg       0.67      0.82      0.74       155

Confusion Matrix:
 [[127   0   0]
 [ 17   0   0]
 [ 11   0   0]]
/h/ewillis/.conda/envs/resnet/lib/python3.13/site-packages/torchio/data/image.py:248: UserWarning: Using TorchIO images without a torchio.SubjectsLoader in PyTorch >= 2.3 might have unexpected consequences, e.g., the collated batches will be instances of torchio.Subject with 5D images. Replace your PyTorch DataLoader with a torchio.SubjectsLoader so that the collated batch becomes a dictionary, as expected. See https://github.com/TorchIO-project/torchio/issues/1179 for more context about this issue.
  warnings.warn(message, stacklevel=1)
/h/ewillis/.conda/envs/resnet/lib/python3.13/site-packages/torchio/data/image.py:248: UserWarning: Using TorchIO images without a torchio.SubjectsLoader in PyTorch >= 2.3 might have unexpected consequences, e.g., the collated batches will be instances of torchio.Subject with 5D images. Replace your PyTorch DataLoader with a torchio.SubjectsLoader so that the collated batch becomes a dictionary, as expected. See https://github.com/TorchIO-project/torchio/issues/1179 for more context about this issue.
  warnings.warn(message, stacklevel=1)
Epoch 25: Train Loss=0.5492, Val Loss=0.6286

Classification Report:
               precision    recall  f1-score   support

         GG1       0.82      1.00      0.90       127
         GG2       0.00      0.00      0.00         0
         GG3       0.00      0.00      0.00         0
         GG4       0.00      0.00      0.00        17
         GG5       0.00      0.00      0.00        11

    accuracy                           0.82       155
   macro avg       0.16      0.20      0.18       155
weighted avg       0.67      0.82      0.74       155

Confusion Matrix:
 [[127   0   0]
 [ 17   0   0]
 [ 11   0   0]]
/h/ewillis/.conda/envs/resnet/lib/python3.13/site-packages/torchio/data/image.py:248: UserWarning: Using TorchIO images without a torchio.SubjectsLoader in PyTorch >= 2.3 might have unexpected consequences, e.g., the collated batches will be instances of torchio.Subject with 5D images. Replace your PyTorch DataLoader with a torchio.SubjectsLoader so that the collated batch becomes a dictionary, as expected. See https://github.com/TorchIO-project/torchio/issues/1179 for more context about this issue.
  warnings.warn(message, stacklevel=1)
/h/ewillis/.conda/envs/resnet/lib/python3.13/site-packages/torchio/data/image.py:248: UserWarning: Using TorchIO images without a torchio.SubjectsLoader in PyTorch >= 2.3 might have unexpected consequences, e.g., the collated batches will be instances of torchio.Subject with 5D images. Replace your PyTorch DataLoader with a torchio.SubjectsLoader so that the collated batch becomes a dictionary, as expected. See https://github.com/TorchIO-project/torchio/issues/1179 for more context about this issue.
  warnings.warn(message, stacklevel=1)
Epoch 26: Train Loss=0.5378, Val Loss=0.6298

Classification Report:
               precision    recall  f1-score   support

         GG1       0.82      1.00      0.90       127
         GG2       0.00      0.00      0.00         0
         GG3       0.00      0.00      0.00         0
         GG4       0.00      0.00      0.00        17
         GG5       0.00      0.00      0.00        11

    accuracy                           0.82       155
   macro avg       0.16      0.20      0.18       155
weighted avg       0.67      0.82      0.74       155

Confusion Matrix:
 [[127   0   0]
 [ 17   0   0]
 [ 11   0   0]]
/h/ewillis/.conda/envs/resnet/lib/python3.13/site-packages/torchio/data/image.py:248: UserWarning: Using TorchIO images without a torchio.SubjectsLoader in PyTorch >= 2.3 might have unexpected consequences, e.g., the collated batches will be instances of torchio.Subject with 5D images. Replace your PyTorch DataLoader with a torchio.SubjectsLoader so that the collated batch becomes a dictionary, as expected. See https://github.com/TorchIO-project/torchio/issues/1179 for more context about this issue.
  warnings.warn(message, stacklevel=1)
/h/ewillis/.conda/envs/resnet/lib/python3.13/site-packages/torchio/data/image.py:248: UserWarning: Using TorchIO images without a torchio.SubjectsLoader in PyTorch >= 2.3 might have unexpected consequences, e.g., the collated batches will be instances of torchio.Subject with 5D images. Replace your PyTorch DataLoader with a torchio.SubjectsLoader so that the collated batch becomes a dictionary, as expected. See https://github.com/TorchIO-project/torchio/issues/1179 for more context about this issue.
  warnings.warn(message, stacklevel=1)
Epoch 27: Train Loss=0.5488, Val Loss=0.6884

Classification Report:
               precision    recall  f1-score   support

         GG1       0.82      1.00      0.90       127
         GG2       0.00      0.00      0.00         0
         GG3       0.00      0.00      0.00         0
         GG4       0.00      0.00      0.00        17
         GG5       0.00      0.00      0.00        11

    accuracy                           0.82       155
   macro avg       0.16      0.20      0.18       155
weighted avg       0.67      0.82      0.74       155

Confusion Matrix:
 [[127   0   0]
 [ 17   0   0]
 [ 11   0   0]]
/h/ewillis/.conda/envs/resnet/lib/python3.13/site-packages/torchio/data/image.py:248: UserWarning: Using TorchIO images without a torchio.SubjectsLoader in PyTorch >= 2.3 might have unexpected consequences, e.g., the collated batches will be instances of torchio.Subject with 5D images. Replace your PyTorch DataLoader with a torchio.SubjectsLoader so that the collated batch becomes a dictionary, as expected. See https://github.com/TorchIO-project/torchio/issues/1179 for more context about this issue.
  warnings.warn(message, stacklevel=1)
/h/ewillis/.conda/envs/resnet/lib/python3.13/site-packages/torchio/data/image.py:248: UserWarning: Using TorchIO images without a torchio.SubjectsLoader in PyTorch >= 2.3 might have unexpected consequences, e.g., the collated batches will be instances of torchio.Subject with 5D images. Replace your PyTorch DataLoader with a torchio.SubjectsLoader so that the collated batch becomes a dictionary, as expected. See https://github.com/TorchIO-project/torchio/issues/1179 for more context about this issue.
  warnings.warn(message, stacklevel=1)
Epoch 28: Train Loss=0.5328, Val Loss=0.7610

Classification Report:
               precision    recall  f1-score   support

         GG1       0.82      0.98      0.89       127
         GG2       0.00      0.00      0.00         0
         GG3       0.00      0.00      0.00         0
         GG4       0.00      0.00      0.00        17
         GG5       0.25      0.09      0.13        11

    accuracy                           0.81       155
   macro avg       0.21      0.21      0.21       155
weighted avg       0.69      0.81      0.74       155

Confusion Matrix:
 [[124   0   3]
 [ 17   0   0]
 [ 10   0   1]]
/h/ewillis/.conda/envs/resnet/lib/python3.13/site-packages/torchio/data/image.py:248: UserWarning: Using TorchIO images without a torchio.SubjectsLoader in PyTorch >= 2.3 might have unexpected consequences, e.g., the collated batches will be instances of torchio.Subject with 5D images. Replace your PyTorch DataLoader with a torchio.SubjectsLoader so that the collated batch becomes a dictionary, as expected. See https://github.com/TorchIO-project/torchio/issues/1179 for more context about this issue.
  warnings.warn(message, stacklevel=1)
/h/ewillis/.conda/envs/resnet/lib/python3.13/site-packages/torchio/data/image.py:248: UserWarning: Using TorchIO images without a torchio.SubjectsLoader in PyTorch >= 2.3 might have unexpected consequences, e.g., the collated batches will be instances of torchio.Subject with 5D images. Replace your PyTorch DataLoader with a torchio.SubjectsLoader so that the collated batch becomes a dictionary, as expected. See https://github.com/TorchIO-project/torchio/issues/1179 for more context about this issue.
  warnings.warn(message, stacklevel=1)
Epoch 29: Train Loss=0.5439, Val Loss=0.7571

Classification Report:
               precision    recall  f1-score   support

         GG1       0.82      0.99      0.90       127
         GG2       0.00      0.00      0.00         0
         GG3       0.00      0.00      0.00         0
         GG4       0.00      0.00      0.00        17
         GG5       0.00      0.00      0.00        11

    accuracy                           0.81       155
   macro avg       0.16      0.20      0.18       155
weighted avg       0.67      0.81      0.73       155

Confusion Matrix:
 [[126   0   1]
 [ 17   0   0]
 [ 11   0   0]]
/h/ewillis/.conda/envs/resnet/lib/python3.13/site-packages/torchio/data/image.py:248: UserWarning: Using TorchIO images without a torchio.SubjectsLoader in PyTorch >= 2.3 might have unexpected consequences, e.g., the collated batches will be instances of torchio.Subject with 5D images. Replace your PyTorch DataLoader with a torchio.SubjectsLoader so that the collated batch becomes a dictionary, as expected. See https://github.com/TorchIO-project/torchio/issues/1179 for more context about this issue.
  warnings.warn(message, stacklevel=1)
/h/ewillis/.conda/envs/resnet/lib/python3.13/site-packages/torchio/data/image.py:248: UserWarning: Using TorchIO images without a torchio.SubjectsLoader in PyTorch >= 2.3 might have unexpected consequences, e.g., the collated batches will be instances of torchio.Subject with 5D images. Replace your PyTorch DataLoader with a torchio.SubjectsLoader so that the collated batch becomes a dictionary, as expected. See https://github.com/TorchIO-project/torchio/issues/1179 for more context about this issue.
  warnings.warn(message, stacklevel=1)
Epoch 30: Train Loss=0.5358, Val Loss=0.6504

Classification Report:
               precision    recall  f1-score   support

         GG1       0.82      1.00      0.90       127
         GG2       0.00      0.00      0.00         0
         GG3       0.00      0.00      0.00         0
         GG4       0.00      0.00      0.00        17
         GG5       0.00      0.00      0.00        11

    accuracy                           0.82       155
   macro avg       0.16      0.20      0.18       155
weighted avg       0.67      0.82      0.74       155

Confusion Matrix:
 [[127   0   0]
 [ 17   0   0]
 [ 11   0   0]]
submitit INFO (2025-03-24 20:12:17,891) - Job completed successfully
submitit INFO (2025-03-24 20:12:18,216) - Exiting after successful completion
